This file contains any messages produced by compilers while
running configure, to aid debugging if configure makes a mistake.

It was created by airs configure 1.0, which was
generated by GNU Autoconf 2.69.  Invocation command line was

  $ ../configure --no-create --no-recursion

## --------- ##
## Platform. ##
## --------- ##

hostname = salvia.local
uname -m = x86_64
uname -r = 19.0.0
uname -s = Darwin
uname -v = Darwin Kernel Version 19.0.0: Thu Oct 17 16:17:15 PDT 2019; root:xnu-6153.41.3~29/RELEASE_X86_64

/usr/bin/uname -p = i386
/bin/uname -X     = unknown

/bin/arch              = unknown
/usr/bin/arch -k       = unknown
/usr/convex/getsysinfo = unknown
/usr/bin/hostinfo      = Mach kernel version:
	 Darwin Kernel Version 19.0.0: Thu Oct 17 16:17:15 PDT 2019; root:xnu-6153.41.3~29/RELEASE_X86_64
Kernel configured for up to 4 processors.
4 processors are physically available.
4 processors are logically available.
Processor type: x86_64h (Intel x86-64h Haswell)
Processors active: 0 1 2 3
Primary memory available: 16.00 gigabytes
Default processor set: 445 tasks, 1706 threads, 4 processors
Load average: 3.37, Mach factor: 1.31
/bin/machine           = unknown
/usr/bin/oslevel       = unknown
/bin/universe          = unknown

PATH: /usr/local/bin
PATH: /usr/bin
PATH: /bin
PATH: /usr/sbin
PATH: /sbin
PATH: /Library/TeX/texbin
PATH: /opt/X11/bin


## ----------- ##
## Core tests. ##
## ----------- ##

configure:2353: checking build system type
configure:2367: result: x86_64-apple-darwin19.0.0
configure:2387: checking host system type
configure:2400: result: x86_64-apple-darwin19.0.0
configure:2420: checking target system type
configure:2433: result: x86_64-apple-darwin19.0.0
configure:2476: checking for a BSD-compatible install
configure:2544: result: /usr/bin/install -c
configure:2555: checking whether build environment is sane
configure:2610: result: yes
configure:2761: checking for a thread-safe mkdir -p
configure:2800: result: ../install-sh -c -d
configure:2807: checking for gawk
configure:2837: result: no
configure:2807: checking for mawk
configure:2837: result: no
configure:2807: checking for nawk
configure:2837: result: no
configure:2807: checking for awk
configure:2823: found /usr/bin/awk
configure:2834: result: awk
configure:2845: checking whether make sets $(MAKE)
configure:2867: result: yes
configure:2896: checking whether make supports nested variables
configure:2913: result: yes
configure:3098: checking for g++
configure:3114: found /usr/bin/g++
configure:3125: result: g++
configure:3152: checking for C++ compiler version
configure:3161: g++ --version >&5
Apple clang version 11.0.0 (clang-1100.0.33.8)
Target: x86_64-apple-darwin19.0.0
Thread model: posix
InstalledDir: /Library/Developer/CommandLineTools/usr/bin
Configured with: --prefix=/Library/Developer/CommandLineTools/usr --with-gxx-include-dir=/Library/Developer/CommandLineTools/SDKs/MacOSX.sdk/usr/include/c++/4.2.1
configure:3172: $? = 0
configure:3161: g++ -v >&5
Configured with: --prefix=/Library/Developer/CommandLineTools/usr --with-gxx-include-dir=/Library/Developer/CommandLineTools/SDKs/MacOSX.sdk/usr/include/c++/4.2.1
Apple clang version 11.0.0 (clang-1100.0.33.8)
Target: x86_64-apple-darwin19.0.0
Thread model: posix
InstalledDir: /Library/Developer/CommandLineTools/usr/bin
configure:3172: $? = 0
configure:3161: g++ -V >&5
clang: error: unsupported option '-V -Wno-framework-include-private-from-public'
clang: error: no input files
configure:3172: $? = 1
configure:3161: g++ -qversion >&5
clang: error: unknown argument '-qversion', did you mean '--version'?
clang: error: no input files
configure:3172: $? = 1
configure:3192: checking whether the C++ compiler works
configure:3214: g++    conftest.cpp  >&5
configure:3218: $? = 0
configure:3266: result: yes
configure:3269: checking for C++ compiler default output file name
configure:3271: result: a.out
configure:3277: checking for suffix of executables
configure:3284: g++ -o conftest    conftest.cpp  >&5
configure:3288: $? = 0
configure:3310: result: 
configure:3332: checking whether we are cross compiling
configure:3340: g++ -o conftest    conftest.cpp  >&5
configure:3344: $? = 0
configure:3351: ./conftest
configure:3355: $? = 0
configure:3370: result: no
configure:3375: checking for suffix of object files
configure:3397: g++ -c   conftest.cpp >&5
configure:3401: $? = 0
configure:3422: result: o
configure:3426: checking whether we are using the GNU C++ compiler
configure:3445: g++ -c   conftest.cpp >&5
configure:3445: $? = 0
configure:3454: result: yes
configure:3463: checking whether g++ accepts -g
configure:3483: g++ -c -g  conftest.cpp >&5
configure:3483: $? = 0
configure:3524: result: yes
configure:3550: checking whether make supports the include directive
configure:3565: make -f confmf.GNU && cat confinc.out
this is the am__doit target
configure:3568: $? = 0
configure:3587: result: yes (GNU style)
configure:3612: checking dependency style of g++
configure:3723: result: gcc3
configure:3786: checking for gcc
configure:3802: found /usr/bin/gcc
configure:3813: result: gcc
configure:4042: checking for C compiler version
configure:4051: gcc --version >&5
Apple clang version 11.0.0 (clang-1100.0.33.8)
Target: x86_64-apple-darwin19.0.0
Thread model: posix
InstalledDir: /Library/Developer/CommandLineTools/usr/bin
Configured with: --prefix=/Library/Developer/CommandLineTools/usr --with-gxx-include-dir=/Library/Developer/CommandLineTools/SDKs/MacOSX.sdk/usr/include/c++/4.2.1
configure:4062: $? = 0
configure:4051: gcc -v >&5
Configured with: --prefix=/Library/Developer/CommandLineTools/usr --with-gxx-include-dir=/Library/Developer/CommandLineTools/SDKs/MacOSX.sdk/usr/include/c++/4.2.1
Apple clang version 11.0.0 (clang-1100.0.33.8)
Target: x86_64-apple-darwin19.0.0
Thread model: posix
InstalledDir: /Library/Developer/CommandLineTools/usr/bin
configure:4062: $? = 0
configure:4051: gcc -V >&5
clang: error: unsupported option '-V -Wno-framework-include-private-from-public'
clang: error: no input files
configure:4062: $? = 1
configure:4051: gcc -qversion >&5
clang: error: unknown argument '-qversion', did you mean '--version'?
clang: error: no input files
configure:4062: $? = 1
configure:4066: checking whether we are using the GNU C compiler
configure:4085: gcc -c   conftest.c >&5
configure:4085: $? = 0
configure:4094: result: yes
configure:4103: checking whether gcc accepts -g
configure:4123: gcc -c -g  conftest.c >&5
configure:4123: $? = 0
configure:4164: result: yes
configure:4181: checking for gcc option to accept ISO C89
configure:4244: gcc  -c -g -O2  conftest.c >&5
configure:4244: $? = 0
configure:4257: result: none needed
configure:4282: checking whether gcc understands -c and -o together
configure:4304: gcc -c conftest.c -o conftest2.o
configure:4307: $? = 0
configure:4304: gcc -c conftest.c -o conftest2.o
configure:4307: $? = 0
configure:4319: result: yes
configure:4338: checking dependency style of gcc
configure:4449: result: gcc3
configure:4544: checking how to run the C preprocessor
configure:4575: gcc -E  conftest.c
configure:4575: $? = 0
configure:4589: gcc -E  conftest.c
conftest.c:11:10: fatal error: 'ac_nonexistent.h' file not found
#include <ac_nonexistent.h>
         ^~~~~~~~~~~~~~~~~~
1 error generated.
configure:4589: $? = 1
configure: failed program was:
| /* confdefs.h */
| #define PACKAGE_NAME "airs"
| #define PACKAGE_TARNAME "airs"
| #define PACKAGE_VERSION "1.0"
| #define PACKAGE_STRING "airs 1.0"
| #define PACKAGE_BUGREPORT ""
| #define PACKAGE_URL ""
| #define PACKAGE "airs"
| #define VERSION "1.0"
| /* end confdefs.h.  */
| #include <ac_nonexistent.h>
configure:4614: result: gcc -E
configure:4634: gcc -E  conftest.c
configure:4634: $? = 0
configure:4648: gcc -E  conftest.c
conftest.c:11:10: fatal error: 'ac_nonexistent.h' file not found
#include <ac_nonexistent.h>
         ^~~~~~~~~~~~~~~~~~
1 error generated.
configure:4648: $? = 1
configure: failed program was:
| /* confdefs.h */
| #define PACKAGE_NAME "airs"
| #define PACKAGE_TARNAME "airs"
| #define PACKAGE_VERSION "1.0"
| #define PACKAGE_STRING "airs 1.0"
| #define PACKAGE_BUGREPORT ""
| #define PACKAGE_URL ""
| #define PACKAGE "airs"
| #define VERSION "1.0"
| /* end confdefs.h.  */
| #include <ac_nonexistent.h>
configure:4677: checking for grep that handles long lines and -e
configure:4735: result: /usr/bin/grep
configure:4740: checking for egrep
configure:4802: result: /usr/bin/grep -E
configure:4807: checking for ANSI C header files
configure:4827: gcc -c -g -O2  conftest.c >&5
configure:4827: $? = 0
configure:4900: gcc -o conftest -g -O2   conftest.c  >&5
configure:4900: $? = 0
configure:4900: ./conftest
configure:4900: $? = 0
configure:4911: result: yes
configure:4924: checking for sys/types.h
configure:4924: gcc -c -g -O2  conftest.c >&5
configure:4924: $? = 0
configure:4924: result: yes
configure:4924: checking for sys/stat.h
configure:4924: gcc -c -g -O2  conftest.c >&5
configure:4924: $? = 0
configure:4924: result: yes
configure:4924: checking for stdlib.h
configure:4924: gcc -c -g -O2  conftest.c >&5
configure:4924: $? = 0
configure:4924: result: yes
configure:4924: checking for string.h
configure:4924: gcc -c -g -O2  conftest.c >&5
configure:4924: $? = 0
configure:4924: result: yes
configure:4924: checking for memory.h
configure:4924: gcc -c -g -O2  conftest.c >&5
configure:4924: $? = 0
configure:4924: result: yes
configure:4924: checking for strings.h
configure:4924: gcc -c -g -O2  conftest.c >&5
configure:4924: $? = 0
configure:4924: result: yes
configure:4924: checking for inttypes.h
configure:4924: gcc -c -g -O2  conftest.c >&5
configure:4924: $? = 0
configure:4924: result: yes
configure:4924: checking for stdint.h
configure:4924: gcc -c -g -O2  conftest.c >&5
configure:4924: $? = 0
configure:4924: result: yes
configure:4924: checking for unistd.h
configure:4924: gcc -c -g -O2  conftest.c >&5
configure:4924: $? = 0
configure:4924: result: yes
configure:4939: checking fcntl.h usability
configure:4939: gcc -c -g -O2  conftest.c >&5
configure:4939: $? = 0
configure:4939: result: yes
configure:4939: checking fcntl.h presence
configure:4939: gcc -E  conftest.c
configure:4939: $? = 0
configure:4939: result: yes
configure:4939: checking for fcntl.h
configure:4939: result: yes
configure:4939: checking syslog.h usability
configure:4939: gcc -c -g -O2  conftest.c >&5
configure:4939: $? = 0
configure:4939: result: yes
configure:4939: checking syslog.h presence
configure:4939: gcc -E  conftest.c
configure:4939: $? = 0
configure:4939: result: yes
configure:4939: checking for syslog.h
configure:4939: result: yes
configure:4939: checking for unistd.h
configure:4939: result: yes
configure:4952: checking for ftruncate
configure:4952: gcc -o conftest -g -O2   conftest.c  >&5
configure:4952: $? = 0
configure:4952: result: yes
configure:4952: checking for mkdir
configure:4952: gcc -o conftest -g -O2   conftest.c  >&5
configure:4952: $? = 0
configure:4952: result: yes
configure:4952: checking for memset
configure:4952: gcc -o conftest -g -O2   conftest.c  >&5
conftest.c:49:6: warning: incompatible redeclaration of library function 'memset' [-Wincompatible-library-redeclaration]
char memset ();
     ^
conftest.c:49:6: note: 'memset' is a builtin with type 'void *(void *, int, unsigned long)'
1 warning generated.
configure:4952: $? = 0
configure:4952: result: yes
configure:4952: checking for pow,
configure:4952: gcc -o conftest -g -O2   conftest.c  >&5
conftest.c:29:12: warning: ISO C99 requires whitespace after the macro name [-Wc99-extensions]
#define pow, innocuous_pow,
           ^
conftest.c:42:11: warning: extra tokens at end of #undef directive [-Wextra-tokens]
#undef pow,
          ^
          //
conftest.c:50:6: error: redefinition of 'pow' as different kind of symbol
char pow, ();
     ^
conftest.c:50:6: note: unguarded header; consider using #ifdef guards or #pragma once
conftest.c:50:6: note: previous definition is here
conftest.c:50:12: error: expected identifier or '('
char pow, ();
           ^
conftest.c:54:23: error: expected end of line in preprocessor expression
#if defined __stub_pow, || defined __stub___pow,
                      ^
conftest.c:61:14: error: expected expression
return pow, ();
             ^
2 warnings and 4 errors generated.
configure:4952: $? = 1
configure: failed program was:
| /* confdefs.h */
| #define PACKAGE_NAME "airs"
| #define PACKAGE_TARNAME "airs"
| #define PACKAGE_VERSION "1.0"
| #define PACKAGE_STRING "airs 1.0"
| #define PACKAGE_BUGREPORT ""
| #define PACKAGE_URL ""
| #define PACKAGE "airs"
| #define VERSION "1.0"
| #define STDC_HEADERS 1
| #define HAVE_SYS_TYPES_H 1
| #define HAVE_SYS_STAT_H 1
| #define HAVE_STDLIB_H 1
| #define HAVE_STRING_H 1
| #define HAVE_MEMORY_H 1
| #define HAVE_STRINGS_H 1
| #define HAVE_INTTYPES_H 1
| #define HAVE_STDINT_H 1
| #define HAVE_UNISTD_H 1
| #define HAVE_FCNTL_H 1
| #define HAVE_SYSLOG_H 1
| #define HAVE_UNISTD_H 1
| #define HAVE_FTRUNCATE 1
| #define HAVE_MKDIR 1
| #define HAVE_MEMSET 1
| /* end confdefs.h.  */
| /* Define pow, to an innocuous variant, in case <limits.h> declares pow,.
|    For example, HP-UX 11i <limits.h> declares gettimeofday.  */
| #define pow, innocuous_pow,
| 
| /* System header to define __stub macros and hopefully few prototypes,
|     which can conflict with char pow, (); below.
|     Prefer <limits.h> to <assert.h> if __STDC__ is defined, since
|     <limits.h> exists even on freestanding compilers.  */
| 
| #ifdef __STDC__
| # include <limits.h>
| #else
| # include <assert.h>
| #endif
| 
| #undef pow,
| 
| /* Override any GCC internal prototype to avoid an error.
|    Use char because int might match the return type of a GCC
|    builtin and then its argument prototype would still apply.  */
| #ifdef __cplusplus
| extern "C"
| #endif
| char pow, ();
| /* The GNU C library defines this for functions which it implements
|     to always fail with ENOSYS.  Some functions are actually named
|     something starting with __ and the normal name is an alias.  */
| #if defined __stub_pow, || defined __stub___pow,
| choke me
| #endif
| 
| int
| main ()
| {
| return pow, ();
|   ;
|   return 0;
| }
configure:4952: result: no
configure:4952: checking for sqrt
configure:4952: gcc -o conftest -g -O2   conftest.c  >&5
conftest.c:50:6: warning: incompatible redeclaration of library function 'sqrt' [-Wincompatible-library-redeclaration]
char sqrt ();
     ^
conftest.c:50:6: note: 'sqrt' is a builtin with type 'double (double)'
1 warning generated.
configure:4952: $? = 0
configure:4952: result: yes
configure:4952: checking for strstr
configure:4952: gcc -o conftest -g -O2   conftest.c  >&5
conftest.c:51:6: warning: incompatible redeclaration of library function 'strstr' [-Wincompatible-library-redeclaration]
char strstr ();
     ^
conftest.c:51:6: note: 'strstr' is a builtin with type 'char *(const char *, const char *)'
1 warning generated.
configure:4952: $? = 0
configure:4952: result: yes
configure:4961: checking for stdbool.h that conforms to C99
configure:5028: gcc -c -g -O2  conftest.c >&5
conftest.c:78:24: warning: address of 's' will always evaluate to 'true' [-Wpointer-bool-conversion]
             bool e = &s;
                  ~    ^
conftest.c:82:23: warning: address of array 'a' will always evaluate to 'true' [-Wpointer-bool-conversion]
             return (!a + !b + !c + !d + !e + !f + !g + !h + !i + !!j + !k + !!l
                     ~^
conftest.c:82:28: warning: address of array 'b' will always evaluate to 'true' [-Wpointer-bool-conversion]
             return (!a + !b + !c + !d + !e + !f + !g + !h + !i + !!j + !k + !!l
                          ~^
conftest.c:82:33: warning: address of array 'c' will always evaluate to 'true' [-Wpointer-bool-conversion]
             return (!a + !b + !c + !d + !e + !f + !g + !h + !i + !!j + !k + !!l
                               ~^
conftest.c:82:38: warning: address of array 'd' will always evaluate to 'true' [-Wpointer-bool-conversion]
             return (!a + !b + !c + !d + !e + !f + !g + !h + !i + !!j + !k + !!l
                                    ~^
conftest.c:82:48: warning: address of array 'f' will always evaluate to 'true' [-Wpointer-bool-conversion]
             return (!a + !b + !c + !d + !e + !f + !g + !h + !i + !!j + !k + !!l
                                              ~^
conftest.c:82:53: warning: address of array 'g' will always evaluate to 'true' [-Wpointer-bool-conversion]
             return (!a + !b + !c + !d + !e + !f + !g + !h + !i + !!j + !k + !!l
                                                   ~^
conftest.c:82:58: warning: address of array 'h' will always evaluate to 'true' [-Wpointer-bool-conversion]
             return (!a + !b + !c + !d + !e + !f + !g + !h + !i + !!j + !k + !!l
                                                        ~^
conftest.c:82:63: warning: address of array 'i' will always evaluate to 'true' [-Wpointer-bool-conversion]
             return (!a + !b + !c + !d + !e + !f + !g + !h + !i + !!j + !k + !!l
                                                             ~^
conftest.c:83:30: warning: address of array 'n' will always evaluate to 'true' [-Wpointer-bool-conversion]
                            ~^
conftest.c:83:35: warning: address of array 'o' will always evaluate to 'true' [-Wpointer-bool-conversion]
                                 ~^
conftest.c:83:40: warning: address of array 'p' will always evaluate to 'true' [-Wpointer-bool-conversion]
                                      ~^
12 warnings generated.
configure:5028: $? = 0
configure:5035: result: yes
configure:5037: checking for _Bool
configure:5037: gcc -c -g -O2  conftest.c >&5
configure:5037: $? = 0
configure:5037: gcc -c -g -O2  conftest.c >&5
conftest.c:65:20: error: expected expression
if (sizeof ((_Bool)))
                   ^
1 error generated.
configure:5037: $? = 1
configure: failed program was:
| /* confdefs.h */
| #define PACKAGE_NAME "airs"
| #define PACKAGE_TARNAME "airs"
| #define PACKAGE_VERSION "1.0"
| #define PACKAGE_STRING "airs 1.0"
| #define PACKAGE_BUGREPORT ""
| #define PACKAGE_URL ""
| #define PACKAGE "airs"
| #define VERSION "1.0"
| #define STDC_HEADERS 1
| #define HAVE_SYS_TYPES_H 1
| #define HAVE_SYS_STAT_H 1
| #define HAVE_STDLIB_H 1
| #define HAVE_STRING_H 1
| #define HAVE_MEMORY_H 1
| #define HAVE_STRINGS_H 1
| #define HAVE_INTTYPES_H 1
| #define HAVE_STDINT_H 1
| #define HAVE_UNISTD_H 1
| #define HAVE_FCNTL_H 1
| #define HAVE_SYSLOG_H 1
| #define HAVE_UNISTD_H 1
| #define HAVE_FTRUNCATE 1
| #define HAVE_MKDIR 1
| #define HAVE_MEMSET 1
| #define HAVE_SQRT 1
| #define HAVE_STRSTR 1
| /* end confdefs.h.  */
| #include <stdio.h>
| #ifdef HAVE_SYS_TYPES_H
| # include <sys/types.h>
| #endif
| #ifdef HAVE_SYS_STAT_H
| # include <sys/stat.h>
| #endif
| #ifdef STDC_HEADERS
| # include <stdlib.h>
| # include <stddef.h>
| #else
| # ifdef HAVE_STDLIB_H
| #  include <stdlib.h>
| # endif
| #endif
| #ifdef HAVE_STRING_H
| # if !defined STDC_HEADERS && defined HAVE_MEMORY_H
| #  include <memory.h>
| # endif
| # include <string.h>
| #endif
| #ifdef HAVE_STRINGS_H
| # include <strings.h>
| #endif
| #ifdef HAVE_INTTYPES_H
| # include <inttypes.h>
| #endif
| #ifdef HAVE_STDINT_H
| # include <stdint.h>
| #endif
| #ifdef HAVE_UNISTD_H
| # include <unistd.h>
| #endif
| int
| main ()
| {
| if (sizeof ((_Bool)))
| 	    return 0;
|   ;
|   return 0;
| }
configure:5037: result: yes
configure:5048: checking for pid_t
configure:5048: gcc -c -g -O2  conftest.c >&5
configure:5048: $? = 0
configure:5048: gcc -c -g -O2  conftest.c >&5
conftest.c:66:20: error: expected expression
if (sizeof ((pid_t)))
                   ^
1 error generated.
configure:5048: $? = 1
configure: failed program was:
| /* confdefs.h */
| #define PACKAGE_NAME "airs"
| #define PACKAGE_TARNAME "airs"
| #define PACKAGE_VERSION "1.0"
| #define PACKAGE_STRING "airs 1.0"
| #define PACKAGE_BUGREPORT ""
| #define PACKAGE_URL ""
| #define PACKAGE "airs"
| #define VERSION "1.0"
| #define STDC_HEADERS 1
| #define HAVE_SYS_TYPES_H 1
| #define HAVE_SYS_STAT_H 1
| #define HAVE_STDLIB_H 1
| #define HAVE_STRING_H 1
| #define HAVE_MEMORY_H 1
| #define HAVE_STRINGS_H 1
| #define HAVE_INTTYPES_H 1
| #define HAVE_STDINT_H 1
| #define HAVE_UNISTD_H 1
| #define HAVE_FCNTL_H 1
| #define HAVE_SYSLOG_H 1
| #define HAVE_UNISTD_H 1
| #define HAVE_FTRUNCATE 1
| #define HAVE_MKDIR 1
| #define HAVE_MEMSET 1
| #define HAVE_SQRT 1
| #define HAVE_STRSTR 1
| #define HAVE__BOOL 1
| /* end confdefs.h.  */
| #include <stdio.h>
| #ifdef HAVE_SYS_TYPES_H
| # include <sys/types.h>
| #endif
| #ifdef HAVE_SYS_STAT_H
| # include <sys/stat.h>
| #endif
| #ifdef STDC_HEADERS
| # include <stdlib.h>
| # include <stddef.h>
| #else
| # ifdef HAVE_STDLIB_H
| #  include <stdlib.h>
| # endif
| #endif
| #ifdef HAVE_STRING_H
| # if !defined STDC_HEADERS && defined HAVE_MEMORY_H
| #  include <memory.h>
| # endif
| # include <string.h>
| #endif
| #ifdef HAVE_STRINGS_H
| # include <strings.h>
| #endif
| #ifdef HAVE_INTTYPES_H
| # include <inttypes.h>
| #endif
| #ifdef HAVE_STDINT_H
| # include <stdint.h>
| #endif
| #ifdef HAVE_UNISTD_H
| # include <unistd.h>
| #endif
| int
| main ()
| {
| if (sizeof ((pid_t)))
| 	    return 0;
|   ;
|   return 0;
| }
configure:5048: result: yes
configure:5061: checking vfork.h usability
configure:5061: gcc -c -g -O2  conftest.c >&5
conftest.c:63:10: fatal error: 'vfork.h' file not found
#include <vfork.h>
         ^~~~~~~~~
1 error generated.
configure:5061: $? = 1
configure: failed program was:
| /* confdefs.h */
| #define PACKAGE_NAME "airs"
| #define PACKAGE_TARNAME "airs"
| #define PACKAGE_VERSION "1.0"
| #define PACKAGE_STRING "airs 1.0"
| #define PACKAGE_BUGREPORT ""
| #define PACKAGE_URL ""
| #define PACKAGE "airs"
| #define VERSION "1.0"
| #define STDC_HEADERS 1
| #define HAVE_SYS_TYPES_H 1
| #define HAVE_SYS_STAT_H 1
| #define HAVE_STDLIB_H 1
| #define HAVE_STRING_H 1
| #define HAVE_MEMORY_H 1
| #define HAVE_STRINGS_H 1
| #define HAVE_INTTYPES_H 1
| #define HAVE_STDINT_H 1
| #define HAVE_UNISTD_H 1
| #define HAVE_FCNTL_H 1
| #define HAVE_SYSLOG_H 1
| #define HAVE_UNISTD_H 1
| #define HAVE_FTRUNCATE 1
| #define HAVE_MKDIR 1
| #define HAVE_MEMSET 1
| #define HAVE_SQRT 1
| #define HAVE_STRSTR 1
| #define HAVE__BOOL 1
| /* end confdefs.h.  */
| #include <stdio.h>
| #ifdef HAVE_SYS_TYPES_H
| # include <sys/types.h>
| #endif
| #ifdef HAVE_SYS_STAT_H
| # include <sys/stat.h>
| #endif
| #ifdef STDC_HEADERS
| # include <stdlib.h>
| # include <stddef.h>
| #else
| # ifdef HAVE_STDLIB_H
| #  include <stdlib.h>
| # endif
| #endif
| #ifdef HAVE_STRING_H
| # if !defined STDC_HEADERS && defined HAVE_MEMORY_H
| #  include <memory.h>
| # endif
| # include <string.h>
| #endif
| #ifdef HAVE_STRINGS_H
| # include <strings.h>
| #endif
| #ifdef HAVE_INTTYPES_H
| # include <inttypes.h>
| #endif
| #ifdef HAVE_STDINT_H
| # include <stdint.h>
| #endif
| #ifdef HAVE_UNISTD_H
| # include <unistd.h>
| #endif
| #include <vfork.h>
configure:5061: result: no
configure:5061: checking vfork.h presence
configure:5061: gcc -E  conftest.c
conftest.c:30:10: fatal error: 'vfork.h' file not found
#include <vfork.h>
         ^~~~~~~~~
1 error generated.
configure:5061: $? = 1
configure: failed program was:
| /* confdefs.h */
| #define PACKAGE_NAME "airs"
| #define PACKAGE_TARNAME "airs"
| #define PACKAGE_VERSION "1.0"
| #define PACKAGE_STRING "airs 1.0"
| #define PACKAGE_BUGREPORT ""
| #define PACKAGE_URL ""
| #define PACKAGE "airs"
| #define VERSION "1.0"
| #define STDC_HEADERS 1
| #define HAVE_SYS_TYPES_H 1
| #define HAVE_SYS_STAT_H 1
| #define HAVE_STDLIB_H 1
| #define HAVE_STRING_H 1
| #define HAVE_MEMORY_H 1
| #define HAVE_STRINGS_H 1
| #define HAVE_INTTYPES_H 1
| #define HAVE_STDINT_H 1
| #define HAVE_UNISTD_H 1
| #define HAVE_FCNTL_H 1
| #define HAVE_SYSLOG_H 1
| #define HAVE_UNISTD_H 1
| #define HAVE_FTRUNCATE 1
| #define HAVE_MKDIR 1
| #define HAVE_MEMSET 1
| #define HAVE_SQRT 1
| #define HAVE_STRSTR 1
| #define HAVE__BOOL 1
| /* end confdefs.h.  */
| #include <vfork.h>
configure:5061: result: no
configure:5061: checking for vfork.h
configure:5061: result: no
configure:5074: checking for fork
configure:5074: gcc -o conftest -g -O2   conftest.c  >&5
configure:5074: $? = 0
configure:5074: result: yes
configure:5074: checking for vfork
configure:5074: gcc -o conftest -g -O2   conftest.c  >&5
conftest.c:54:6: warning: incompatible redeclaration of library function 'vfork' [-Wincompatible-library-redeclaration]
char vfork ();
     ^
conftest.c:54:6: note: 'vfork' is a builtin with type 'int (void)'
1 warning generated.
configure:5074: $? = 0
configure:5074: result: yes
configure:5084: checking for working fork
configure:5106: gcc -o conftest -g -O2   conftest.c  >&5
configure:5106: $? = 0
configure:5106: ./conftest
configure:5106: $? = 0
configure:5116: result: yes
configure:5137: checking for working vfork
configure:5247: result: yes
configure:5274: checking for stdlib.h
configure:5274: result: yes
configure:5284: checking for GNU libc compatible malloc
configure:5308: gcc -o conftest -g -O2   conftest.c  >&5
configure:5308: $? = 0
configure:5308: ./conftest
configure:5308: $? = 0
configure:5318: result: yes
configure:5341: checking for stdlib.h
configure:5341: result: yes
configure:5351: checking for GNU libc compatible realloc
configure:5375: gcc -o conftest -g -O2   conftest.c  >&5
configure:5375: $? = 0
configure:5375: ./conftest
configure:5375: $? = 0
configure:5385: result: yes
configure:5407: checking for off_t
configure:5407: gcc -c -g -O2  conftest.c >&5
configure:5407: $? = 0
configure:5407: gcc -c -g -O2  conftest.c >&5
conftest.c:74:20: error: expected expression
if (sizeof ((off_t)))
                   ^
1 error generated.
configure:5407: $? = 1
configure: failed program was:
| /* confdefs.h */
| #define PACKAGE_NAME "airs"
| #define PACKAGE_TARNAME "airs"
| #define PACKAGE_VERSION "1.0"
| #define PACKAGE_STRING "airs 1.0"
| #define PACKAGE_BUGREPORT ""
| #define PACKAGE_URL ""
| #define PACKAGE "airs"
| #define VERSION "1.0"
| #define STDC_HEADERS 1
| #define HAVE_SYS_TYPES_H 1
| #define HAVE_SYS_STAT_H 1
| #define HAVE_STDLIB_H 1
| #define HAVE_STRING_H 1
| #define HAVE_MEMORY_H 1
| #define HAVE_STRINGS_H 1
| #define HAVE_INTTYPES_H 1
| #define HAVE_STDINT_H 1
| #define HAVE_UNISTD_H 1
| #define HAVE_FCNTL_H 1
| #define HAVE_SYSLOG_H 1
| #define HAVE_UNISTD_H 1
| #define HAVE_FTRUNCATE 1
| #define HAVE_MKDIR 1
| #define HAVE_MEMSET 1
| #define HAVE_SQRT 1
| #define HAVE_STRSTR 1
| #define HAVE__BOOL 1
| #define HAVE_FORK 1
| #define HAVE_VFORK 1
| #define HAVE_WORKING_VFORK 1
| #define HAVE_WORKING_FORK 1
| #define HAVE_STDLIB_H 1
| #define HAVE_MALLOC 1
| #define HAVE_STDLIB_H 1
| #define HAVE_REALLOC 1
| /* end confdefs.h.  */
| #include <stdio.h>
| #ifdef HAVE_SYS_TYPES_H
| # include <sys/types.h>
| #endif
| #ifdef HAVE_SYS_STAT_H
| # include <sys/stat.h>
| #endif
| #ifdef STDC_HEADERS
| # include <stdlib.h>
| # include <stddef.h>
| #else
| # ifdef HAVE_STDLIB_H
| #  include <stdlib.h>
| # endif
| #endif
| #ifdef HAVE_STRING_H
| # if !defined STDC_HEADERS && defined HAVE_MEMORY_H
| #  include <memory.h>
| # endif
| # include <string.h>
| #endif
| #ifdef HAVE_STRINGS_H
| # include <strings.h>
| #endif
| #ifdef HAVE_INTTYPES_H
| # include <inttypes.h>
| #endif
| #ifdef HAVE_STDINT_H
| # include <stdint.h>
| #endif
| #ifdef HAVE_UNISTD_H
| # include <unistd.h>
| #endif
| int
| main ()
| {
| if (sizeof ((off_t)))
| 	    return 0;
|   ;
|   return 0;
| }
configure:5407: result: yes
configure:5418: checking for pid_t
configure:5418: result: yes
configure:5429: checking for size_t
configure:5429: gcc -c -g -O2  conftest.c >&5
configure:5429: $? = 0
configure:5429: gcc -c -g -O2  conftest.c >&5
conftest.c:74:21: error: expected expression
if (sizeof ((size_t)))
                    ^
1 error generated.
configure:5429: $? = 1
configure: failed program was:
| /* confdefs.h */
| #define PACKAGE_NAME "airs"
| #define PACKAGE_TARNAME "airs"
| #define PACKAGE_VERSION "1.0"
| #define PACKAGE_STRING "airs 1.0"
| #define PACKAGE_BUGREPORT ""
| #define PACKAGE_URL ""
| #define PACKAGE "airs"
| #define VERSION "1.0"
| #define STDC_HEADERS 1
| #define HAVE_SYS_TYPES_H 1
| #define HAVE_SYS_STAT_H 1
| #define HAVE_STDLIB_H 1
| #define HAVE_STRING_H 1
| #define HAVE_MEMORY_H 1
| #define HAVE_STRINGS_H 1
| #define HAVE_INTTYPES_H 1
| #define HAVE_STDINT_H 1
| #define HAVE_UNISTD_H 1
| #define HAVE_FCNTL_H 1
| #define HAVE_SYSLOG_H 1
| #define HAVE_UNISTD_H 1
| #define HAVE_FTRUNCATE 1
| #define HAVE_MKDIR 1
| #define HAVE_MEMSET 1
| #define HAVE_SQRT 1
| #define HAVE_STRSTR 1
| #define HAVE__BOOL 1
| #define HAVE_FORK 1
| #define HAVE_VFORK 1
| #define HAVE_WORKING_VFORK 1
| #define HAVE_WORKING_FORK 1
| #define HAVE_STDLIB_H 1
| #define HAVE_MALLOC 1
| #define HAVE_STDLIB_H 1
| #define HAVE_REALLOC 1
| /* end confdefs.h.  */
| #include <stdio.h>
| #ifdef HAVE_SYS_TYPES_H
| # include <sys/types.h>
| #endif
| #ifdef HAVE_SYS_STAT_H
| # include <sys/stat.h>
| #endif
| #ifdef STDC_HEADERS
| # include <stdlib.h>
| # include <stddef.h>
| #else
| # ifdef HAVE_STDLIB_H
| #  include <stdlib.h>
| # endif
| #endif
| #ifdef HAVE_STRING_H
| # if !defined STDC_HEADERS && defined HAVE_MEMORY_H
| #  include <memory.h>
| # endif
| # include <string.h>
| #endif
| #ifdef HAVE_STRINGS_H
| # include <strings.h>
| #endif
| #ifdef HAVE_INTTYPES_H
| # include <inttypes.h>
| #endif
| #ifdef HAVE_STDINT_H
| # include <stdint.h>
| #endif
| #ifdef HAVE_UNISTD_H
| # include <unistd.h>
| #endif
| int
| main ()
| {
| if (sizeof ((size_t)))
| 	    return 0;
|   ;
|   return 0;
| }
configure:5429: result: yes
configure:5440: checking for uint16_t
configure:5440: gcc -c -g -O2  conftest.c >&5
configure:5440: $? = 0
configure:5440: result: yes
configure:5452: checking for uint32_t
configure:5452: gcc -c -g -O2  conftest.c >&5
configure:5452: $? = 0
configure:5452: result: yes
configure:5614: checking that generated files are newer than configure
configure:5620: result: done
configure:5663: creating ./config.status

## ---------------- ##
## Cache variables. ##
## ---------------- ##

ac_cv_build=x86_64-apple-darwin19.0.0
ac_cv_c_compiler_gnu=yes
ac_cv_c_uint16_t=yes
ac_cv_c_uint32_t=yes
ac_cv_cxx_compiler_gnu=yes
ac_cv_env_CCC_set=
ac_cv_env_CCC_value=
ac_cv_env_CC_set=
ac_cv_env_CC_value=
ac_cv_env_CFLAGS_set=
ac_cv_env_CFLAGS_value=
ac_cv_env_CPPFLAGS_set=
ac_cv_env_CPPFLAGS_value=
ac_cv_env_CPP_set=
ac_cv_env_CPP_value=
ac_cv_env_CXXFLAGS_set=
ac_cv_env_CXXFLAGS_value=
ac_cv_env_CXX_set=
ac_cv_env_CXX_value=
ac_cv_env_LDFLAGS_set=
ac_cv_env_LDFLAGS_value=
ac_cv_env_LIBS_set=
ac_cv_env_LIBS_value=
ac_cv_env_build_alias_set=
ac_cv_env_build_alias_value=
ac_cv_env_host_alias_set=
ac_cv_env_host_alias_value=
ac_cv_env_target_alias_set=
ac_cv_env_target_alias_value=
ac_cv_func_fork=yes
ac_cv_func_fork_works=yes
ac_cv_func_ftruncate=yes
ac_cv_func_malloc_0_nonnull=yes
ac_cv_func_memset=yes
ac_cv_func_mkdir=yes
ac_cv_func_pow_=no
ac_cv_func_realloc_0_nonnull=yes
ac_cv_func_sqrt=yes
ac_cv_func_strstr=yes
ac_cv_func_vfork=yes
ac_cv_func_vfork_works=yes
ac_cv_header_fcntl_h=yes
ac_cv_header_inttypes_h=yes
ac_cv_header_memory_h=yes
ac_cv_header_stdbool_h=yes
ac_cv_header_stdc=yes
ac_cv_header_stdint_h=yes
ac_cv_header_stdlib_h=yes
ac_cv_header_string_h=yes
ac_cv_header_strings_h=yes
ac_cv_header_sys_stat_h=yes
ac_cv_header_sys_types_h=yes
ac_cv_header_syslog_h=yes
ac_cv_header_unistd_h=yes
ac_cv_header_vfork_h=no
ac_cv_host=x86_64-apple-darwin19.0.0
ac_cv_objext=o
ac_cv_path_EGREP='/usr/bin/grep -E'
ac_cv_path_GREP=/usr/bin/grep
ac_cv_path_install='/usr/bin/install -c'
ac_cv_prog_AWK=awk
ac_cv_prog_CPP='gcc -E'
ac_cv_prog_ac_ct_CC=gcc
ac_cv_prog_ac_ct_CXX=g++
ac_cv_prog_cc_c89=
ac_cv_prog_cc_g=yes
ac_cv_prog_cxx_g=yes
ac_cv_prog_make_make_set=yes
ac_cv_target=x86_64-apple-darwin19.0.0
ac_cv_type__Bool=yes
ac_cv_type_off_t=yes
ac_cv_type_pid_t=yes
ac_cv_type_size_t=yes
am_cv_CC_dependencies_compiler_type=gcc3
am_cv_CXX_dependencies_compiler_type=gcc3
am_cv_make_support_nested_variables=yes
am_cv_prog_cc_c_o=yes

## ----------------- ##
## Output variables. ##
## ----------------- ##

ACLOCAL='${SHELL} /Users/lxm/Workspace/airs/airs/missing aclocal-1.16'
AMDEPBACKSLASH='\'
AMDEP_FALSE='#'
AMDEP_TRUE=''
AMTAR='$${TAR-tar}'
AM_BACKSLASH='\'
AM_DEFAULT_V='$(AM_DEFAULT_VERBOSITY)'
AM_DEFAULT_VERBOSITY='1'
AM_V='$(V)'
AUTOCONF='${SHELL} /Users/lxm/Workspace/airs/airs/missing autoconf'
AUTOHEADER='${SHELL} /Users/lxm/Workspace/airs/airs/missing autoheader'
AUTOMAKE='${SHELL} /Users/lxm/Workspace/airs/airs/missing automake-1.16'
AWK='awk'
CC='gcc'
CCDEPMODE='depmode=gcc3'
CFLAGS='-g -O2'
CPP='gcc -E'
CPPFLAGS=''
CXX='g++'
CXXDEPMODE='depmode=gcc3'
CXXFLAGS='-std=c++0x'
CYGPATH_W='echo'
DEBUG_FALSE=''
DEBUG_TRUE='#'
DEFS='-DPACKAGE_NAME=\"airs\" -DPACKAGE_TARNAME=\"airs\" -DPACKAGE_VERSION=\"1.0\" -DPACKAGE_STRING=\"airs\ 1.0\" -DPACKAGE_BUGREPORT=\"\" -DPACKAGE_URL=\"\" -DPACKAGE=\"airs\" -DVERSION=\"1.0\" -DSTDC_HEADERS=1 -DHAVE_SYS_TYPES_H=1 -DHAVE_SYS_STAT_H=1 -DHAVE_STDLIB_H=1 -DHAVE_STRING_H=1 -DHAVE_MEMORY_H=1 -DHAVE_STRINGS_H=1 -DHAVE_INTTYPES_H=1 -DHAVE_STDINT_H=1 -DHAVE_UNISTD_H=1 -DHAVE_FCNTL_H=1 -DHAVE_SYSLOG_H=1 -DHAVE_UNISTD_H=1 -DHAVE_FTRUNCATE=1 -DHAVE_MKDIR=1 -DHAVE_MEMSET=1 -DHAVE_SQRT=1 -DHAVE_STRSTR=1 -DHAVE__BOOL=1 -DHAVE_FORK=1 -DHAVE_VFORK=1 -DHAVE_WORKING_VFORK=1 -DHAVE_WORKING_FORK=1 -DHAVE_STDLIB_H=1 -DHAVE_MALLOC=1 -DHAVE_STDLIB_H=1 -DHAVE_REALLOC=1'
DEPDIR='.deps'
ECHO_C='\c'
ECHO_N=''
ECHO_T=''
EGREP='/usr/bin/grep -E'
EXEEXT=''
GREP='/usr/bin/grep'
INSTALL_DATA='${INSTALL} -m 644'
INSTALL_PROGRAM='${INSTALL}'
INSTALL_SCRIPT='${INSTALL}'
INSTALL_STRIP_PROGRAM='$(install_sh) -c -s'
LDFLAGS=''
LIBOBJS=''
LIBS=''
LINUX_FALSE=''
LINUX_TRUE='#'
LTLIBOBJS=''
MAKEINFO='${SHELL} /Users/lxm/Workspace/airs/airs/missing makeinfo'
MKDIR_P='../install-sh -c -d'
OBJEXT='o'
OSX_FALSE='#'
OSX_TRUE=''
PACKAGE='airs'
PACKAGE_BUGREPORT=''
PACKAGE_NAME='airs'
PACKAGE_STRING='airs 1.0'
PACKAGE_TARNAME='airs'
PACKAGE_URL=''
PACKAGE_VERSION='1.0'
PATH_SEPARATOR=':'
SET_MAKE=''
SHELL='/bin/sh'
STRIP=''
VERSION='1.0'
WINDOWS_FALSE=''
WINDOWS_TRUE='#'
ac_ct_CC='gcc'
ac_ct_CXX='g++'
am__EXEEXT_FALSE=''
am__EXEEXT_TRUE='#'
am__fastdepCC_FALSE='#'
am__fastdepCC_TRUE=''
am__fastdepCXX_FALSE='#'
am__fastdepCXX_TRUE=''
am__include='include'
am__isrc=' -I$(srcdir)'
am__leading_dot='.'
am__nodep='_no'
am__quote=''
am__tar='$${TAR-tar} chof - "$$tardir"'
am__untar='$${TAR-tar} xf -'
bindir='${exec_prefix}/bin'
build='x86_64-apple-darwin19.0.0'
build_alias=''
build_cpu='x86_64'
build_os='darwin19.0.0'
build_vendor='apple'
datadir='${datarootdir}'
datarootdir='${prefix}/share'
docdir='${datarootdir}/doc/${PACKAGE_TARNAME}'
dvidir='${docdir}'
exec_prefix='${prefix}'
host='x86_64-apple-darwin19.0.0'
host_alias=''
host_cpu='x86_64'
host_os='darwin19.0.0'
host_vendor='apple'
htmldir='${docdir}'
includedir='${prefix}/include'
infodir='${datarootdir}/info'
install_sh='${SHELL} /Users/lxm/Workspace/airs/airs/install-sh'
libdir='${exec_prefix}/lib'
libexecdir='${exec_prefix}/libexec'
localedir='${datarootdir}/locale'
localstatedir='${prefix}/var'
mandir='${datarootdir}/man'
mkdir_p='$(MKDIR_P)'
oldincludedir='/usr/include'
pdfdir='${docdir}'
prefix='/usr/local'
program_transform_name='s,x,x,'
psdir='${docdir}'
sbindir='${exec_prefix}/sbin'
sharedstatedir='${prefix}/com'
sysconfdir='${prefix}/etc'
target='x86_64-apple-darwin19.0.0'
target_alias=''
target_cpu='x86_64'
target_os='darwin19.0.0'
target_vendor='apple'

## ----------- ##
## confdefs.h. ##
## ----------- ##

/* confdefs.h */
#define PACKAGE_NAME "airs"
#define PACKAGE_TARNAME "airs"
#define PACKAGE_VERSION "1.0"
#define PACKAGE_STRING "airs 1.0"
#define PACKAGE_BUGREPORT ""
#define PACKAGE_URL ""
#define PACKAGE "airs"
#define VERSION "1.0"
#define STDC_HEADERS 1
#define HAVE_SYS_TYPES_H 1
#define HAVE_SYS_STAT_H 1
#define HAVE_STDLIB_H 1
#define HAVE_STRING_H 1
#define HAVE_MEMORY_H 1
#define HAVE_STRINGS_H 1
#define HAVE_INTTYPES_H 1
#define HAVE_STDINT_H 1
#define HAVE_UNISTD_H 1
#define HAVE_FCNTL_H 1
#define HAVE_SYSLOG_H 1
#define HAVE_UNISTD_H 1
#define HAVE_FTRUNCATE 1
#define HAVE_MKDIR 1
#define HAVE_MEMSET 1
#define HAVE_SQRT 1
#define HAVE_STRSTR 1
#define HAVE__BOOL 1
#define HAVE_FORK 1
#define HAVE_VFORK 1
#define HAVE_WORKING_VFORK 1
#define HAVE_WORKING_FORK 1
#define HAVE_STDLIB_H 1
#define HAVE_MALLOC 1
#define HAVE_STDLIB_H 1
#define HAVE_REALLOC 1

configure: exit 0

## ---------------------- ##
## Running config.status. ##
## ---------------------- ##

This file was extended by airs config.status 1.0, which was
generated by GNU Autoconf 2.69.  Invocation command line was

  CONFIG_FILES    = 
  CONFIG_HEADERS  = 
  CONFIG_LINKS    = 
  CONFIG_COMMANDS = 
  $ ./config.status 

on salvia.local

config.status:805: creating Makefile
config.status:805: creating src/Makefile
config.status:962: executing depfiles commands
config.status:1039: cd src       && sed -e '/# am--include-marker/d' Makefile         | make -f - am--depfiles
make[1]: Nothing to be done for `am--depfiles'.
config.status:1044: $? = 0
