This file contains any messages produced by compilers while
running configure, to aid debugging if configure makes a mistake.

It was created by airs1 configure 1.0, which was
generated by GNU Autoconf 2.69.  Invocation command line was

  $ ../configure 

## --------- ##
## Platform. ##
## --------- ##

hostname = salvia.local
uname -m = x86_64
uname -r = 18.7.0
uname -s = Darwin
uname -v = Darwin Kernel Version 18.7.0: Tue Aug 20 16:57:14 PDT 2019; root:xnu-4903.271.2~2/RELEASE_X86_64

/usr/bin/uname -p = i386
/bin/uname -X     = unknown

/bin/arch              = unknown
/usr/bin/arch -k       = unknown
/usr/convex/getsysinfo = unknown
/usr/bin/hostinfo      = Mach kernel version:
	 Darwin Kernel Version 18.7.0: Tue Aug 20 16:57:14 PDT 2019; root:xnu-4903.271.2~2/RELEASE_X86_64
Kernel configured for up to 4 processors.
4 processors are physically available.
4 processors are logically available.
Processor type: x86_64h (Intel x86-64h Haswell)
Processors active: 0 1 2 3
Primary memory available: 16.00 gigabytes
Default processor set: 437 tasks, 1664 threads, 4 processors
Load average: 1.57, Mach factor: 2.43
/bin/machine           = unknown
/usr/bin/oslevel       = unknown
/bin/universe          = unknown

PATH: /usr/local/bin
PATH: /usr/bin
PATH: /bin
PATH: /usr/sbin
PATH: /sbin
PATH: /Library/TeX/texbin
PATH: /opt/X11/bin


## ----------- ##
## Core tests. ##
## ----------- ##

configure:2177: checking build system type
configure:2191: result: x86_64-apple-darwin18.7.0
configure:2211: checking host system type
configure:2224: result: x86_64-apple-darwin18.7.0
configure:2244: checking target system type
configure:2257: result: x86_64-apple-darwin18.7.0
configure:2300: checking for a BSD-compatible install
configure:2368: result: /usr/bin/install -c
configure:2379: checking whether build environment is sane
configure:2434: result: yes
configure:2585: checking for a thread-safe mkdir -p
configure:2624: result: ../install-sh -c -d
configure:2631: checking for gawk
configure:2661: result: no
configure:2631: checking for mawk
configure:2661: result: no
configure:2631: checking for nawk
configure:2661: result: no
configure:2631: checking for awk
configure:2647: found /usr/bin/awk
configure:2658: result: awk
configure:2669: checking whether make sets $(MAKE)
configure:2691: result: yes
configure:2720: checking whether make supports nested variables
configure:2737: result: yes
configure:2922: checking for g++
configure:2938: found /usr/bin/g++
configure:2949: result: g++
configure:2976: checking for C++ compiler version
configure:2985: g++ --version >&5
Apple LLVM version 10.0.1 (clang-1001.0.46.4)
Target: x86_64-apple-darwin18.7.0
Thread model: posix
InstalledDir: /Library/Developer/CommandLineTools/usr/bin
Configured with: --prefix=/Library/Developer/CommandLineTools/usr --with-gxx-include-dir=/Library/Developer/CommandLineTools/SDKs/MacOSX10.14.sdk/usr/include/c++/4.2.1
configure:2996: $? = 0
configure:2985: g++ -v >&5
Configured with: --prefix=/Library/Developer/CommandLineTools/usr --with-gxx-include-dir=/Library/Developer/CommandLineTools/SDKs/MacOSX10.14.sdk/usr/include/c++/4.2.1
Apple LLVM version 10.0.1 (clang-1001.0.46.4)
Target: x86_64-apple-darwin18.7.0
Thread model: posix
InstalledDir: /Library/Developer/CommandLineTools/usr/bin
configure:2996: $? = 0
configure:2985: g++ -V >&5
clang: error: unsupported option '-V -Wno-atomic-implicit-seq-cst'
clang: error: no input files
configure:2996: $? = 1
configure:2985: g++ -qversion >&5
clang: error: unknown argument '-qversion', did you mean '--version'?
clang: error: no input files
configure:2996: $? = 1
configure:3016: checking whether the C++ compiler works
configure:3038: g++    conftest.cpp  >&5
configure:3042: $? = 0
configure:3090: result: yes
configure:3093: checking for C++ compiler default output file name
configure:3095: result: a.out
configure:3101: checking for suffix of executables
configure:3108: g++ -o conftest    conftest.cpp  >&5
configure:3112: $? = 0
configure:3134: result: 
configure:3156: checking whether we are cross compiling
configure:3164: g++ -o conftest    conftest.cpp  >&5
configure:3168: $? = 0
configure:3175: ./conftest
configure:3179: $? = 0
configure:3194: result: no
configure:3199: checking for suffix of object files
configure:3221: g++ -c   conftest.cpp >&5
configure:3225: $? = 0
configure:3246: result: o
configure:3250: checking whether we are using the GNU C++ compiler
configure:3269: g++ -c   conftest.cpp >&5
configure:3269: $? = 0
configure:3278: result: yes
configure:3287: checking whether g++ accepts -g
configure:3307: g++ -c -g  conftest.cpp >&5
configure:3307: $? = 0
configure:3348: result: yes
configure:3374: checking whether make supports the include directive
configure:3389: make -f confmf.GNU && cat confinc.out
this is the am__doit target
configure:3392: $? = 0
configure:3411: result: yes (GNU style)
configure:3436: checking dependency style of g++
configure:3547: result: gcc3
configure:3610: checking for gcc
configure:3626: found /usr/bin/gcc
configure:3637: result: gcc
configure:3866: checking for C compiler version
configure:3875: gcc --version >&5
Apple LLVM version 10.0.1 (clang-1001.0.46.4)
Target: x86_64-apple-darwin18.7.0
Thread model: posix
InstalledDir: /Library/Developer/CommandLineTools/usr/bin
Configured with: --prefix=/Library/Developer/CommandLineTools/usr --with-gxx-include-dir=/Library/Developer/CommandLineTools/SDKs/MacOSX10.14.sdk/usr/include/c++/4.2.1
configure:3886: $? = 0
configure:3875: gcc -v >&5
Configured with: --prefix=/Library/Developer/CommandLineTools/usr --with-gxx-include-dir=/Library/Developer/CommandLineTools/SDKs/MacOSX10.14.sdk/usr/include/c++/4.2.1
Apple LLVM version 10.0.1 (clang-1001.0.46.4)
Target: x86_64-apple-darwin18.7.0
Thread model: posix
InstalledDir: /Library/Developer/CommandLineTools/usr/bin
configure:3886: $? = 0
configure:3875: gcc -V >&5
clang: error: unsupported option '-V -Wno-atomic-implicit-seq-cst'
clang: error: no input files
configure:3886: $? = 1
configure:3875: gcc -qversion >&5
clang: error: unknown argument '-qversion', did you mean '--version'?
clang: error: no input files
configure:3886: $? = 1
configure:3890: checking whether we are using the GNU C compiler
configure:3909: gcc -c   conftest.c >&5
configure:3909: $? = 0
configure:3918: result: yes
configure:3927: checking whether gcc accepts -g
configure:3947: gcc -c -g  conftest.c >&5
configure:3947: $? = 0
configure:3988: result: yes
configure:4005: checking for gcc option to accept ISO C89
configure:4068: gcc  -c -g -O2  conftest.c >&5
configure:4068: $? = 0
configure:4081: result: none needed
configure:4106: checking whether gcc understands -c and -o together
configure:4128: gcc -c conftest.c -o conftest2.o
configure:4131: $? = 0
configure:4128: gcc -c conftest.c -o conftest2.o
configure:4131: $? = 0
configure:4143: result: yes
configure:4162: checking dependency style of gcc
configure:4273: result: gcc3
configure:4296: checking how to run the C preprocessor
configure:4327: gcc -E  conftest.c
configure:4327: $? = 0
configure:4341: gcc -E  conftest.c
conftest.c:11:10: fatal error: 'ac_nonexistent.h' file not found
#include <ac_nonexistent.h>
         ^~~~~~~~~~~~~~~~~~
1 error generated.
configure:4341: $? = 1
configure: failed program was:
| /* confdefs.h */
| #define PACKAGE_NAME "airs1"
| #define PACKAGE_TARNAME "airs1"
| #define PACKAGE_VERSION "1.0"
| #define PACKAGE_STRING "airs1 1.0"
| #define PACKAGE_BUGREPORT ""
| #define PACKAGE_URL ""
| #define PACKAGE "airs1"
| #define VERSION "1.0"
| /* end confdefs.h.  */
| #include <ac_nonexistent.h>
configure:4366: result: gcc -E
configure:4386: gcc -E  conftest.c
configure:4386: $? = 0
configure:4400: gcc -E  conftest.c
conftest.c:11:10: fatal error: 'ac_nonexistent.h' file not found
#include <ac_nonexistent.h>
         ^~~~~~~~~~~~~~~~~~
1 error generated.
configure:4400: $? = 1
configure: failed program was:
| /* confdefs.h */
| #define PACKAGE_NAME "airs1"
| #define PACKAGE_TARNAME "airs1"
| #define PACKAGE_VERSION "1.0"
| #define PACKAGE_STRING "airs1 1.0"
| #define PACKAGE_BUGREPORT ""
| #define PACKAGE_URL ""
| #define PACKAGE "airs1"
| #define VERSION "1.0"
| /* end confdefs.h.  */
| #include <ac_nonexistent.h>
configure:4429: checking for grep that handles long lines and -e
configure:4487: result: /usr/bin/grep
configure:4492: checking for egrep
configure:4554: result: /usr/bin/grep -E
configure:4559: checking for ANSI C header files
configure:4579: gcc -c -g -O2  conftest.c >&5
configure:4579: $? = 0
configure:4652: gcc -o conftest -g -O2   conftest.c  >&5
configure:4652: $? = 0
configure:4652: ./conftest
configure:4652: $? = 0
configure:4663: result: yes
configure:4676: checking for sys/types.h
configure:4676: gcc -c -g -O2  conftest.c >&5
configure:4676: $? = 0
configure:4676: result: yes
configure:4676: checking for sys/stat.h
configure:4676: gcc -c -g -O2  conftest.c >&5
configure:4676: $? = 0
configure:4676: result: yes
configure:4676: checking for stdlib.h
configure:4676: gcc -c -g -O2  conftest.c >&5
configure:4676: $? = 0
configure:4676: result: yes
configure:4676: checking for string.h
configure:4676: gcc -c -g -O2  conftest.c >&5
configure:4676: $? = 0
configure:4676: result: yes
configure:4676: checking for memory.h
configure:4676: gcc -c -g -O2  conftest.c >&5
configure:4676: $? = 0
configure:4676: result: yes
configure:4676: checking for strings.h
configure:4676: gcc -c -g -O2  conftest.c >&5
configure:4676: $? = 0
configure:4676: result: yes
configure:4676: checking for inttypes.h
configure:4676: gcc -c -g -O2  conftest.c >&5
configure:4676: $? = 0
configure:4676: result: yes
configure:4676: checking for stdint.h
configure:4676: gcc -c -g -O2  conftest.c >&5
configure:4676: $? = 0
configure:4676: result: yes
configure:4676: checking for unistd.h
configure:4676: gcc -c -g -O2  conftest.c >&5
configure:4676: $? = 0
configure:4676: result: yes
configure:4690: checking for unistd.h
configure:4690: result: yes
configure:4700: checking for stdbool.h that conforms to C99
configure:4767: gcc -c -g -O2  conftest.c >&5
conftest.c:71:24: warning: address of 's' will always evaluate to 'true' [-Wpointer-bool-conversion]
             bool e = &s;
                  ~    ^
conftest.c:75:23: warning: address of array 'a' will always evaluate to 'true' [-Wpointer-bool-conversion]
             return (!a + !b + !c + !d + !e + !f + !g + !h + !i + !!j + !k + !!l
                     ~^
conftest.c:75:28: warning: address of array 'b' will always evaluate to 'true' [-Wpointer-bool-conversion]
             return (!a + !b + !c + !d + !e + !f + !g + !h + !i + !!j + !k + !!l
                          ~^
conftest.c:75:33: warning: address of array 'c' will always evaluate to 'true' [-Wpointer-bool-conversion]
             return (!a + !b + !c + !d + !e + !f + !g + !h + !i + !!j + !k + !!l
                               ~^
conftest.c:75:38: warning: address of array 'd' will always evaluate to 'true' [-Wpointer-bool-conversion]
             return (!a + !b + !c + !d + !e + !f + !g + !h + !i + !!j + !k + !!l
                                    ~^
conftest.c:75:48: warning: address of array 'f' will always evaluate to 'true' [-Wpointer-bool-conversion]
             return (!a + !b + !c + !d + !e + !f + !g + !h + !i + !!j + !k + !!l
                                              ~^
conftest.c:75:53: warning: address of array 'g' will always evaluate to 'true' [-Wpointer-bool-conversion]
             return (!a + !b + !c + !d + !e + !f + !g + !h + !i + !!j + !k + !!l
                                                   ~^
conftest.c:75:58: warning: address of array 'h' will always evaluate to 'true' [-Wpointer-bool-conversion]
             return (!a + !b + !c + !d + !e + !f + !g + !h + !i + !!j + !k + !!l
                                                        ~^
conftest.c:75:63: warning: address of array 'i' will always evaluate to 'true' [-Wpointer-bool-conversion]
             return (!a + !b + !c + !d + !e + !f + !g + !h + !i + !!j + !k + !!l
                                                             ~^
conftest.c:76:30: warning: address of array 'n' will always evaluate to 'true' [-Wpointer-bool-conversion]
                            ~^
conftest.c:76:35: warning: address of array 'o' will always evaluate to 'true' [-Wpointer-bool-conversion]
                                 ~^
conftest.c:76:40: warning: address of array 'p' will always evaluate to 'true' [-Wpointer-bool-conversion]
                                      ~^
12 warnings generated.
configure:4767: $? = 0
configure:4774: result: yes
configure:4776: checking for _Bool
configure:4776: gcc -c -g -O2  conftest.c >&5
configure:4776: $? = 0
configure:4776: gcc -c -g -O2  conftest.c >&5
conftest.c:58:20: error: expected expression
if (sizeof ((_Bool)))
                   ^
1 error generated.
configure:4776: $? = 1
configure: failed program was:
| /* confdefs.h */
| #define PACKAGE_NAME "airs1"
| #define PACKAGE_TARNAME "airs1"
| #define PACKAGE_VERSION "1.0"
| #define PACKAGE_STRING "airs1 1.0"
| #define PACKAGE_BUGREPORT ""
| #define PACKAGE_URL ""
| #define PACKAGE "airs1"
| #define VERSION "1.0"
| #define STDC_HEADERS 1
| #define HAVE_SYS_TYPES_H 1
| #define HAVE_SYS_STAT_H 1
| #define HAVE_STDLIB_H 1
| #define HAVE_STRING_H 1
| #define HAVE_MEMORY_H 1
| #define HAVE_STRINGS_H 1
| #define HAVE_INTTYPES_H 1
| #define HAVE_STDINT_H 1
| #define HAVE_UNISTD_H 1
| #define HAVE_UNISTD_H 1
| /* end confdefs.h.  */
| #include <stdio.h>
| #ifdef HAVE_SYS_TYPES_H
| # include <sys/types.h>
| #endif
| #ifdef HAVE_SYS_STAT_H
| # include <sys/stat.h>
| #endif
| #ifdef STDC_HEADERS
| # include <stdlib.h>
| # include <stddef.h>
| #else
| # ifdef HAVE_STDLIB_H
| #  include <stdlib.h>
| # endif
| #endif
| #ifdef HAVE_STRING_H
| # if !defined STDC_HEADERS && defined HAVE_MEMORY_H
| #  include <memory.h>
| # endif
| # include <string.h>
| #endif
| #ifdef HAVE_STRINGS_H
| # include <strings.h>
| #endif
| #ifdef HAVE_INTTYPES_H
| # include <inttypes.h>
| #endif
| #ifdef HAVE_STDINT_H
| # include <stdint.h>
| #endif
| #ifdef HAVE_UNISTD_H
| # include <unistd.h>
| #endif
| int
| main ()
| {
| if (sizeof ((_Bool)))
| 	    return 0;
|   ;
|   return 0;
| }
configure:4776: result: yes
configure:4935: checking that generated files are newer than configure
configure:4941: result: done
configure:4968: creating ./config.status

## ---------------------- ##
## Running config.status. ##
## ---------------------- ##

This file was extended by airs1 config.status 1.0, which was
generated by GNU Autoconf 2.69.  Invocation command line was

  CONFIG_FILES    = 
  CONFIG_HEADERS  = 
  CONFIG_LINKS    = 
  CONFIG_COMMANDS = 
  $ ./config.status 

on salvia.local

config.status:795: creating Makefile
config.status:795: creating src/Makefile
config.status:952: executing depfiles commands
config.status:1029: cd src       && sed -e '/# am--include-marker/d' Makefile         | make -f - am--depfiles
config.status:1034: $? = 0

## ---------------- ##
## Cache variables. ##
## ---------------- ##

ac_cv_build=x86_64-apple-darwin18.7.0
ac_cv_c_compiler_gnu=yes
ac_cv_cxx_compiler_gnu=yes
ac_cv_env_CCC_set=
ac_cv_env_CCC_value=
ac_cv_env_CC_set=
ac_cv_env_CC_value=
ac_cv_env_CFLAGS_set=
ac_cv_env_CFLAGS_value=
ac_cv_env_CPPFLAGS_set=
ac_cv_env_CPPFLAGS_value=
ac_cv_env_CPP_set=
ac_cv_env_CPP_value=
ac_cv_env_CXXFLAGS_set=
ac_cv_env_CXXFLAGS_value=
ac_cv_env_CXX_set=
ac_cv_env_CXX_value=
ac_cv_env_LDFLAGS_set=
ac_cv_env_LDFLAGS_value=
ac_cv_env_LIBS_set=
ac_cv_env_LIBS_value=
ac_cv_env_build_alias_set=
ac_cv_env_build_alias_value=
ac_cv_env_host_alias_set=
ac_cv_env_host_alias_value=
ac_cv_env_target_alias_set=
ac_cv_env_target_alias_value=
ac_cv_header_inttypes_h=yes
ac_cv_header_memory_h=yes
ac_cv_header_stdbool_h=yes
ac_cv_header_stdc=yes
ac_cv_header_stdint_h=yes
ac_cv_header_stdlib_h=yes
ac_cv_header_string_h=yes
ac_cv_header_strings_h=yes
ac_cv_header_sys_stat_h=yes
ac_cv_header_sys_types_h=yes
ac_cv_header_unistd_h=yes
ac_cv_host=x86_64-apple-darwin18.7.0
ac_cv_objext=o
ac_cv_path_EGREP='/usr/bin/grep -E'
ac_cv_path_GREP=/usr/bin/grep
ac_cv_path_install='/usr/bin/install -c'
ac_cv_prog_AWK=awk
ac_cv_prog_CPP='gcc -E'
ac_cv_prog_ac_ct_CC=gcc
ac_cv_prog_ac_ct_CXX=g++
ac_cv_prog_cc_c89=
ac_cv_prog_cc_g=yes
ac_cv_prog_cxx_g=yes
ac_cv_prog_make_make_set=yes
ac_cv_target=x86_64-apple-darwin18.7.0
ac_cv_type__Bool=yes
am_cv_CC_dependencies_compiler_type=gcc3
am_cv_CXX_dependencies_compiler_type=gcc3
am_cv_make_support_nested_variables=yes
am_cv_prog_cc_c_o=yes

## ----------------- ##
## Output variables. ##
## ----------------- ##

ACLOCAL='${SHELL} /Users/lxm/Workspace/airs/airs1/missing aclocal-1.16'
AMDEPBACKSLASH='\'
AMDEP_FALSE='#'
AMDEP_TRUE=''
AMTAR='$${TAR-tar}'
AM_BACKSLASH='\'
AM_DEFAULT_V='$(AM_DEFAULT_VERBOSITY)'
AM_DEFAULT_VERBOSITY='1'
AM_V='$(V)'
AUTOCONF='${SHELL} /Users/lxm/Workspace/airs/airs1/missing autoconf'
AUTOHEADER='${SHELL} /Users/lxm/Workspace/airs/airs1/missing autoheader'
AUTOMAKE='${SHELL} /Users/lxm/Workspace/airs/airs1/missing automake-1.16'
AWK='awk'
CC='gcc'
CCDEPMODE='depmode=gcc3'
CFLAGS='-g -O2'
CPP='gcc -E'
CPPFLAGS=''
CXX='g++'
CXXDEPMODE='depmode=gcc3'
CXXFLAGS='-std=c++0x'
CYGPATH_W='echo'
DEFS='-DPACKAGE_NAME=\"airs1\" -DPACKAGE_TARNAME=\"airs1\" -DPACKAGE_VERSION=\"1.0\" -DPACKAGE_STRING=\"airs1\ 1.0\" -DPACKAGE_BUGREPORT=\"\" -DPACKAGE_URL=\"\" -DPACKAGE=\"airs1\" -DVERSION=\"1.0\" -DSTDC_HEADERS=1 -DHAVE_SYS_TYPES_H=1 -DHAVE_SYS_STAT_H=1 -DHAVE_STDLIB_H=1 -DHAVE_STRING_H=1 -DHAVE_MEMORY_H=1 -DHAVE_STRINGS_H=1 -DHAVE_INTTYPES_H=1 -DHAVE_STDINT_H=1 -DHAVE_UNISTD_H=1 -DHAVE_UNISTD_H=1 -DHAVE__BOOL=1'
DEPDIR='.deps'
ECHO_C='\c'
ECHO_N=''
ECHO_T=''
EGREP='/usr/bin/grep -E'
EXEEXT=''
GREP='/usr/bin/grep'
INSTALL_DATA='${INSTALL} -m 644'
INSTALL_PROGRAM='${INSTALL}'
INSTALL_SCRIPT='${INSTALL}'
INSTALL_STRIP_PROGRAM='$(install_sh) -c -s'
LDFLAGS=''
LIBOBJS=''
LIBS=''
LTLIBOBJS=''
MAKEINFO='${SHELL} /Users/lxm/Workspace/airs/airs1/missing makeinfo'
MKDIR_P='../install-sh -c -d'
OBJEXT='o'
PACKAGE='airs1'
PACKAGE_BUGREPORT=''
PACKAGE_NAME='airs1'
PACKAGE_STRING='airs1 1.0'
PACKAGE_TARNAME='airs1'
PACKAGE_URL=''
PACKAGE_VERSION='1.0'
PATH_SEPARATOR=':'
SET_MAKE=''
SHELL='/bin/sh'
STRIP=''
VERSION='1.0'
ac_ct_CC='gcc'
ac_ct_CXX='g++'
am__EXEEXT_FALSE=''
am__EXEEXT_TRUE='#'
am__fastdepCC_FALSE='#'
am__fastdepCC_TRUE=''
am__fastdepCXX_FALSE='#'
am__fastdepCXX_TRUE=''
am__include='include'
am__isrc=' -I$(srcdir)'
am__leading_dot='.'
am__nodep='_no'
am__quote=''
am__tar='$${TAR-tar} chof - "$$tardir"'
am__untar='$${TAR-tar} xf -'
bindir='${exec_prefix}/bin'
build='x86_64-apple-darwin18.7.0'
build_alias=''
build_cpu='x86_64'
build_os='darwin18.7.0'
build_vendor='apple'
datadir='${datarootdir}'
datarootdir='${prefix}/share'
docdir='${datarootdir}/doc/${PACKAGE_TARNAME}'
dvidir='${docdir}'
exec_prefix='${prefix}'
host='x86_64-apple-darwin18.7.0'
host_alias=''
host_cpu='x86_64'
host_os='darwin18.7.0'
host_vendor='apple'
htmldir='${docdir}'
includedir='${prefix}/include'
infodir='${datarootdir}/info'
install_sh='${SHELL} /Users/lxm/Workspace/airs/airs1/install-sh'
libdir='${exec_prefix}/lib'
libexecdir='${exec_prefix}/libexec'
localedir='${datarootdir}/locale'
localstatedir='${prefix}/var'
mandir='${datarootdir}/man'
mkdir_p='$(MKDIR_P)'
oldincludedir='/usr/include'
pdfdir='${docdir}'
prefix='/usr/local'
program_transform_name='s,x,x,'
psdir='${docdir}'
sbindir='${exec_prefix}/sbin'
sharedstatedir='${prefix}/com'
sysconfdir='${prefix}/etc'
target='x86_64-apple-darwin18.7.0'
target_alias=''
target_cpu='x86_64'
target_os='darwin18.7.0'
target_vendor='apple'

## ----------- ##
## confdefs.h. ##
## ----------- ##

/* confdefs.h */
#define PACKAGE_NAME "airs1"
#define PACKAGE_TARNAME "airs1"
#define PACKAGE_VERSION "1.0"
#define PACKAGE_STRING "airs1 1.0"
#define PACKAGE_BUGREPORT ""
#define PACKAGE_URL ""
#define PACKAGE "airs1"
#define VERSION "1.0"
#define STDC_HEADERS 1
#define HAVE_SYS_TYPES_H 1
#define HAVE_SYS_STAT_H 1
#define HAVE_STDLIB_H 1
#define HAVE_STRING_H 1
#define HAVE_MEMORY_H 1
#define HAVE_STRINGS_H 1
#define HAVE_INTTYPES_H 1
#define HAVE_STDINT_H 1
#define HAVE_UNISTD_H 1
#define HAVE_UNISTD_H 1
#define HAVE__BOOL 1

configure: exit 0
